\BOOKMARK [1][-]{section.1}{About ui2go}{}% 1
\BOOKMARK [2][-]{subsection.1.1}{What is ui2go?}{section.1}% 2
\BOOKMARK [2][-]{subsection.1.2}{Why was ui2go created?}{section.1}% 3
\BOOKMARK [2][-]{subsection.1.3}{Why not use some Web technology?}{section.1}% 4
\BOOKMARK [1][-]{section.2}{Software Design Philosophies}{}% 5
\BOOKMARK [2][-]{subsection.2.1}{Possibility Approach}{section.2}% 6
\BOOKMARK [3][-]{subsubsection.2.1.1}{Metrics}{subsection.2.1}% 7
\BOOKMARK [3][-]{subsubsection.2.1.2}{Frequently attributed as}{subsection.2.1}% 8
\BOOKMARK [2][-]{subsection.2.2}{Complexity or Big Boots Approach}{section.2}% 9
\BOOKMARK [3][-]{subsubsection.2.2.1}{Metrics}{subsection.2.2}% 10
\BOOKMARK [3][-]{subsubsection.2.2.2}{Frequently attributed as}{subsection.2.2}% 11
\BOOKMARK [2][-]{subsection.2.3}{Usability Approach}{section.2}% 12
\BOOKMARK [3][-]{subsubsection.2.3.1}{Metrics}{subsection.2.3}% 13
\BOOKMARK [3][-]{subsubsection.2.3.2}{Frequently attributed as}{subsection.2.3}% 14
\BOOKMARK [1][-]{section.3}{Program Control}{}% 15
\BOOKMARK [2][-]{subsection.3.1}{Control Flow}{section.3}% 16
\BOOKMARK [2][-]{subsection.3.2}{Events}{section.3}% 17
\BOOKMARK [3][-]{subsubsection.3.2.1}{General Idea}{subsection.3.2}% 18
\BOOKMARK [3][-]{subsubsection.3.2.2}{Traditional Event Handling}{subsection.3.2}% 19
\BOOKMARK [3][-]{subsubsection.3.2.3}{Callback Disaster}{subsection.3.2}% 20
\BOOKMARK [3][-]{subsubsection.3.2.4}{ui2go Solution}{subsection.3.2}% 21
\BOOKMARK [1][-]{section.4}{Layout Management}{}% 22
\BOOKMARK [2][-]{subsection.4.1}{Border Layout}{section.4}% 23
\BOOKMARK [2][-]{subsection.4.2}{Grid Layout}{section.4}% 24
\BOOKMARK [2][-]{subsection.4.3}{Classical Input Mask}{section.4}% 25
\BOOKMARK [1][-]{section.5}{Font Size}{}% 26
\BOOKMARK [2][-]{subsection.5.1}{Distance Dependency}{section.5}% 27
\BOOKMARK [2][-]{subsection.5.2}{Font Metrics}{section.5}% 28
\BOOKMARK [2][-]{subsection.5.3}{Viewing Distances}{section.5}% 29
\BOOKMARK [2][-]{subsection.5.4}{Recommended Font Sizes}{section.5}% 30
\BOOKMARK [2][-]{subsection.5.5}{Cap and Rem Units}{section.5}% 31
